<?xml version="1.0" encoding="UTF-8"?>
<!-- Generated by org.testng.reporters.JUnitReportReporter -->
<testsuite hostname="LAPTOP-IU6O74V4" failures="0" tests="2" name="org.testCase.TestScript4" time="24.810" errors="0" timestamp="12 Dec 2022 04:47:08 GMT" skipped="0">
  <testcase classname="org.testCase.TestScript4" name="test1" time="12.475"/>
  <testcase classname="org.testCase.TestScript4" name="test1" time="12.335"/>
</testsuite> <!-- org.testCase.TestScript4 -->
