<?xml version="1.0" encoding="UTF-8"?>
<!-- Generated by org.testng.reporters.JUnitReportReporter -->
<testsuite hostname="LAPTOP-IU6O74V4" failures="0" tests="1" name="org.testCase.TestScript3" time="0.280" errors="0" timestamp="10 Dec 2022 05:39:31 GMT" skipped="0">
  <testcase classname="org.testCase.TestScript3" name="test1" time="0.280"/>
</testsuite> <!-- org.testCase.TestScript3 -->
