<?xml version="1.0" encoding="UTF-8"?>
<!-- Generated by org.testng.reporters.JUnitReportReporter -->
<testsuite hostname="LAPTOP-IU6O74V4" failures="0" tests="1" name="org.testCase.TestParameter" time="6.517" errors="0" timestamp="06 Feb 2023 06:35:43 GMT" skipped="0">
  <testcase classname="org.testCase.TestParameter" name="test1" time="6.517"/>
</testsuite> <!-- org.testCase.TestParameter -->
