<?xml version="1.0" encoding="UTF-8"?>
<!-- Generated by org.testng.reporters.JUnitReportReporter -->
<testsuite hostname="LAPTOP-IU6O74V4" failures="0" tests="2" name="org.testCase.TestScript1" time="4.351" errors="0" timestamp="06 Dec 2022 15:41:44 GMT" skipped="0">
  <testcase classname="org.testCase.TestScript1" name="test1" time="4.175"/>
  <testcase classname="org.testCase.TestScript1" name="test2" time="0.176"/>
</testsuite> <!-- org.testCase.TestScript1 -->
